<?xml version="1.0" encoding="UTF-8"?>
<!-- Generated by org.testng.reporters.JUnitReportReporter -->
<testsuite hostname="SC-IN-37QVGS3" failures="0" tests="1" name="organization.FirstClass" time="4.023" errors="0" timestamp="16 May 2024 13:40:05 GMT" skipped="0">
  <testcase classname="organization.FirstClass" name="appBasic" time="4.023"/>
</testsuite> <!-- organization.FirstClass -->
